<?xml version="1.0" encoding="UTF-8"?>
<testsuites>
  <testsuite name="fastlane.lanes">
    
    
    
      
      <testcase classname="fastlane.lanes" name="0: default_platform" time="0.000271">
        
      </testcase>
    
      
      <testcase classname="fastlane.lanes" name="1: clean bundleRelease" time="0.85946">
        
          <failure message="/Users/wjlee/.rbenv/versions/3.2.2/lib/ruby/gems/3.2.0/gems/fastlane-2.214.0/fastlane/lib/fastlane/actions/actions_helper.rb:67:in `execute_action&apos;&#10;/Users/wjlee/.rbenv/versions/3.2.2/lib/ruby/gems/3.2.0/gems/fastlane-2.214.0/fastlane/lib/fastlane/runner.rb:255:in `block in execute_action&apos;&#10;/Users/wjlee/.rbenv/versions/3.2.2/lib/ruby/gems/3.2.0/gems/fastlane-2.214.0/fastlane/lib/fastlane/runner.rb:229:in `chdir&apos;&#10;/Users/wjlee/.rbenv/versions/3.2.2/lib/ruby/gems/3.2.0/gems/fastlane-2.214.0/fastlane/lib/fastlane/runner.rb:229:in `execute_action&apos;&#10;/Users/wjlee/.rbenv/versions/3.2.2/lib/ruby/gems/3.2.0/gems/fastlane-2.214.0/fastlane/lib/fastlane/runner.rb:157:in `trigger_action_by_name&apos;&#10;/Users/wjlee/.rbenv/versions/3.2.2/lib/ruby/gems/3.2.0/gems/fastlane-2.214.0/fastlane/lib/fastlane/fast_file.rb:159:in `method_missing&apos;&#10;Fastfile:26:in `block (2 levels) in parsing_binding&apos;&#10;/Users/wjlee/.rbenv/versions/3.2.2/lib/ruby/gems/3.2.0/gems/fastlane-2.214.0/fastlane/lib/fastlane/lane.rb:33:in `call&apos;&#10;/Users/wjlee/.rbenv/versions/3.2.2/lib/ruby/gems/3.2.0/gems/fastlane-2.214.0/fastlane/lib/fastlane/runner.rb:49:in `block in execute&apos;&#10;/Users/wjlee/.rbenv/versions/3.2.2/lib/ruby/gems/3.2.0/gems/fastlane-2.214.0/fastlane/lib/fastlane/runner.rb:45:in `chdir&apos;&#10;/Users/wjlee/.rbenv/versions/3.2.2/lib/ruby/gems/3.2.0/gems/fastlane-2.214.0/fastlane/lib/fastlane/runner.rb:45:in `execute&apos;&#10;/Users/wjlee/.rbenv/versions/3.2.2/lib/ruby/gems/3.2.0/gems/fastlane-2.214.0/fastlane/lib/fastlane/lane_manager.rb:47:in `cruise_lane&apos;&#10;/Users/wjlee/.rbenv/versions/3.2.2/lib/ruby/gems/3.2.0/gems/fastlane-2.214.0/fastlane/lib/fastlane/command_line_handler.rb:36:in `handle&apos;&#10;/Users/wjlee/.rbenv/versions/3.2.2/lib/ruby/gems/3.2.0/gems/fastlane-2.214.0/fastlane/lib/fastlane/commands_generator.rb:110:in `block (2 levels) in run&apos;&#10;/Users/wjlee/.rbenv/versions/3.2.2/lib/ruby/gems/3.2.0/gems/commander-4.6.0/lib/commander/command.rb:187:in `call&apos;&#10;/Users/wjlee/.rbenv/versions/3.2.2/lib/ruby/gems/3.2.0/gems/commander-4.6.0/lib/commander/command.rb:157:in `run&apos;&#10;/Users/wjlee/.rbenv/versions/3.2.2/lib/ruby/gems/3.2.0/gems/commander-4.6.0/lib/commander/runner.rb:444:in `run_active_command&apos;&#10;/Users/wjlee/.rbenv/versions/3.2.2/lib/ruby/gems/3.2.0/gems/fastlane-2.214.0/fastlane_core/lib/fastlane_core/ui/fastlane_runner.rb:124:in `run!&apos;&#10;/Users/wjlee/.rbenv/versions/3.2.2/lib/ruby/gems/3.2.0/gems/commander-4.6.0/lib/commander/delegates.rb:18:in `run!&apos;&#10;/Users/wjlee/.rbenv/versions/3.2.2/lib/ruby/gems/3.2.0/gems/fastlane-2.214.0/fastlane/lib/fastlane/commands_generator.rb:354:in `run&apos;&#10;/Users/wjlee/.rbenv/versions/3.2.2/lib/ruby/gems/3.2.0/gems/fastlane-2.214.0/fastlane/lib/fastlane/commands_generator.rb:43:in `start&apos;&#10;/Users/wjlee/.rbenv/versions/3.2.2/lib/ruby/gems/3.2.0/gems/fastlane-2.214.0/fastlane/lib/fastlane/cli_tools_distributor.rb:123:in `take_off&apos;&#10;/Users/wjlee/.rbenv/versions/3.2.2/lib/ruby/gems/3.2.0/gems/fastlane-2.214.0/bin/fastlane:23:in `&lt;top (required)&gt;&apos;&#10;/Users/wjlee/.rbenv/versions/3.2.2/bin/fastlane:25:in `load&apos;&#10;/Users/wjlee/.rbenv/versions/3.2.2/bin/fastlane:25:in `&lt;top (required)&gt;&apos;&#10;/Users/wjlee/.rbenv/versions/3.2.2/lib/ruby/gems/3.2.0/gems/bundler-2.4.17/lib/bundler/cli/exec.rb:58:in `load&apos;&#10;/Users/wjlee/.rbenv/versions/3.2.2/lib/ruby/gems/3.2.0/gems/bundler-2.4.17/lib/bundler/cli/exec.rb:58:in `kernel_load&apos;&#10;/Users/wjlee/.rbenv/versions/3.2.2/lib/ruby/gems/3.2.0/gems/bundler-2.4.17/lib/bundler/cli/exec.rb:23:in `run&apos;&#10;/Users/wjlee/.rbenv/versions/3.2.2/lib/ruby/gems/3.2.0/gems/bundler-2.4.17/lib/bundler/cli.rb:492:in `exec&apos;&#10;/Users/wjlee/.rbenv/versions/3.2.2/lib/ruby/gems/3.2.0/gems/bundler-2.4.17/lib/bundler/vendor/thor/lib/thor/command.rb:27:in `run&apos;&#10;/Users/wjlee/.rbenv/versions/3.2.2/lib/ruby/gems/3.2.0/gems/bundler-2.4.17/lib/bundler/vendor/thor/lib/thor/invocation.rb:127:in `invoke_command&apos;&#10;/Users/wjlee/.rbenv/versions/3.2.2/lib/ruby/gems/3.2.0/gems/bundler-2.4.17/lib/bundler/vendor/thor/lib/thor.rb:392:in `dispatch&apos;&#10;/Users/wjlee/.rbenv/versions/3.2.2/lib/ruby/gems/3.2.0/gems/bundler-2.4.17/lib/bundler/cli.rb:34:in `dispatch&apos;&#10;/Users/wjlee/.rbenv/versions/3.2.2/lib/ruby/gems/3.2.0/gems/bundler-2.4.17/lib/bundler/vendor/thor/lib/thor/base.rb:485:in `start&apos;&#10;/Users/wjlee/.rbenv/versions/3.2.2/lib/ruby/gems/3.2.0/gems/bundler-2.4.17/lib/bundler/cli.rb:28:in `start&apos;&#10;/Users/wjlee/.rbenv/versions/3.2.2/lib/ruby/gems/3.2.0/gems/bundler-2.4.17/exe/bundle:37:in `block in &lt;top (required)&gt;&apos;&#10;/Users/wjlee/.rbenv/versions/3.2.2/lib/ruby/gems/3.2.0/gems/bundler-2.4.17/lib/bundler/friendly_errors.rb:117:in `with_friendly_errors&apos;&#10;/Users/wjlee/.rbenv/versions/3.2.2/lib/ruby/gems/3.2.0/gems/bundler-2.4.17/exe/bundle:29:in `&lt;top (required)&gt;&apos;&#10;/Users/wjlee/.rbenv/versions/3.2.2/bin/bundle:25:in `load&apos;&#10;/Users/wjlee/.rbenv/versions/3.2.2/bin/bundle:25:in `&lt;main&gt;&apos;&#10;&#10;Exit status of command &apos;/Users/wjlee/Documents/GitHub/arkhive/android/gradlew clean bundleRelease -p .&apos; was 1 instead of 0.&#10;&#10;FAILURE: Build failed with an exception.&#10;&#10;* Where:&#10;Build file &apos;/Users/wjlee/Documents/GitHub/arkhive/android/build.gradle&apos; line: 29&#10;&#10;* What went wrong:&#10;A problem occurred evaluating root project &apos;android&apos;.&#10;&gt; A problem occurred configuring project &apos;:app&apos;.&#10;   &gt; Could not open proj generic class cache for build file &apos;/Users/wjlee/Documents/GitHub/arkhive/android/app/build.gradle&apos; (/Users/wjlee/.gradle/caches/7.4/scripts/aizgdpzqtnzdythsp1g9zgtei).&#10;      &gt; BUG! exception in phase &apos;semantic analysis&apos; in source unit &apos;_BuildScript_&apos; Unsupported class file major version 64&#10;&#10;* Try:&#10;&gt; Run with --stacktrace option to get the stack trace.&#10;&gt; Run with --info or --debug option to get more log output.&#10;&gt; Run with --scan to get full insights.&#10;&#10;* Get more help at https://help.gradle.org&#10;&#10;BUILD FAILED in 400ms&#10;" />
        
      </testcase>
    
  </testsuite>
</testsuites>
